
> vivid-frontend@0.1.0 dev
> next dev -p 3100

▲ Next.js 16.1.0 (Turbopack)
- Local:         http://localhost:3100
- Network:       http://192.168.1.167:3100
- Environments: .env.local

✓ Starting...
✓ Ready in 325ms
 GET / 200 in 226ms (compile: 149ms, render: 77ms)
 GET / 200 in 53ms (compile: 7ms, render: 47ms)
 GET /canvas?id=16b3248f-49fb-4495-8b48-7edc18b6753c 200 in 117ms (compile: 107ms, render: 9ms)
 GET / 200 in 39ms (compile: 6ms, render: 34ms)
 GET /canvas?id=b5dd9920-e9b9-45b1-b901-8a7b9bcc86b2 200 in 30ms (compile: 6ms, render: 24ms)
 GET /canvas?id=b5dd9920-e9b9-45b1-b901-8a7b9bcc86b2 200 in 392ms (compile: 176ms, render: 216ms)
 GET /canvas?id=b5dd9920-e9b9-45b1-b901-8a7b9bcc86b2 200 in 32ms (compile: 11ms, render: 21ms)
 GET /canvas?id=b5dd9920-e9b9-45b1-b901-8a7b9bcc86b2 200 in 323ms (compile: 230ms, render: 93ms)
✓ Compiled in 97ms
✓ Compiled in 55ms
 GET /canvas?id=b5dd9920-e9b9-45b1-b901-8a7b9bcc86b2 200 in 22ms (compile: 5ms, render: 17ms)
✓ Compiled in 27ms
✓ Compiled in 182ms
✓ Compiled in 47ms
⚠ Fast Refresh had to perform a full reload when ./src/lib/translations.ts changed. Read more: https://nextjs.org/docs/messages/fast-refresh-reload
✓ Compiled in 21ms
 GET /canvas?id=b5dd9920-e9b9-45b1-b901-8a7b9bcc86b2 200 in 214ms (compile: 68ms, render: 145ms)
⚠ Fast Refresh had to perform a full reload when ./src/lib/translations.ts changed. Read more: https://nextjs.org/docs/messages/fast-refresh-reload
✓ Compiled in 18ms
 GET /canvas?id=b5dd9920-e9b9-45b1-b901-8a7b9bcc86b2 200 in 120ms (compile: 35ms, render: 84ms)
✓ Compiled in 20ms
✓ Compiled in 26ms
✓ Compiled in 30ms
✓ Compiled in 18ms
 GET /canvas?id=b5dd9920-e9b9-45b1-b901-8a7b9bcc86b2 200 in 73ms (compile: 52ms, render: 21ms)
⚠ Fast Refresh had to perform a full reload when ./src/lib/translations.ts changed. Read more: https://nextjs.org/docs/messages/fast-refresh-reload
✓ Compiled in 29ms
 GET /canvas?id=b5dd9920-e9b9-45b1-b901-8a7b9bcc86b2 200 in 278ms (compile: 56ms, render: 222ms)
⚠ Fast Refresh had to perform a full reload when ./src/lib/translations.ts changed. Read more: https://nextjs.org/docs/messages/fast-refresh-reload
✓ Compiled in 22ms
 GET /canvas?id=b5dd9920-e9b9-45b1-b901-8a7b9bcc86b2 200 in 260ms (compile: 53ms, render: 207ms)
✓ Compiled in 41ms
✓ Compiled in 23ms
✓ Compiled in 23ms
✓ Compiled in 20ms
✓ Compiled in 20ms
✓ Compiled in 23ms
 GET /canvas?id=b5dd9920-e9b9-45b1-b901-8a7b9bcc86b2 200 in 76ms (compile: 54ms, render: 22ms)
✓ Compiled in 19ms
✓ Compiled in 22ms
✓ Compiled in 30ms
✓ Compiled in 36ms
 GET /health 500 in 492ms (compile: 422ms, render: 70ms)
 GET /canvas?id=b5dd9920-e9b9-45b1-b901-8a7b9bcc86b2 200 in 84ms (compile: 58ms, render: 26ms)
 GET / 200 in 231ms (compile: 77ms, render: 154ms)
 GET /canvas?id=43b56be9-b3e9-42bb-8f2c-cdb2279af257 200 in 24ms (compile: 5ms, render: 19ms)
 GET / 200 in 51ms (compile: 4ms, render: 47ms)
 GET /canvas?id=a133ffa4-b7d8-473f-8025-e1a55cba3fb0 200 in 21ms (compile: 4ms, render: 17ms)
 GET / 200 in 54ms (compile: 5ms, render: 49ms)
 GET /canvas?id=38a37bbd-0112-46f8-8bb2-85d6145a7975 200 in 21ms (compile: 3ms, render: 19ms)
 GET / 200 in 65ms (compile: 4ms, render: 61ms)
 GET /canvas?id=f7610ac4-aeae-46a1-8b77-dfb5353c0516 200 in 22ms (compile: 5ms, render: 17ms)
 GET /?lang=ko 200 in 73ms (compile: 5ms, render: 68ms)
 GET /canvas?id=5c05823f-5902-4c09-8dfb-c67f4624e230 200 in 24ms (compile: 5ms, render: 19ms)
 GET /?lang=en 200 in 58ms (compile: 4ms, render: 54ms)
 GET /canvas?id=917903d9-e789-4eea-83c5-c9dcfc1c3760 200 in 18ms (compile: 3ms, render: 15ms)
✓ Compiled in 18ms
 GET / 200 in 213ms (compile: 72ms, render: 140ms)
 GET /canvas?id=fd25bd59-5bf0-4a09-8d51-bdd0944511a8 200 in 84ms (compile: 66ms, render: 18ms)
 GET /canvas?id=1656f778-86b6-461c-9c38-0344b1c25643 200 in 22ms (compile: 7ms, render: 16ms)
 GET / 200 in 33ms (compile: 3ms, render: 30ms)
 GET /canvas 200 in 19ms (compile: 3ms, render: 16ms)
✓ Compiled in 18ms
 GET / 200 in 137ms (compile: 63ms, render: 74ms)
 GET /canvas?id=7033653f-537c-423d-958a-882ad320ff40 200 in 49ms (compile: 40ms, render: 9ms)
 GET / 200 in 37ms (compile: 6ms, render: 31ms)
 GET /canvas?id=e2e21494-f9d0-43ae-a26c-8fd2a52b6988 200 in 17ms (compile: 5ms, render: 13ms)
 GET /canvas?id=c74f8214-306b-4082-9829-d09e8e4a2d2f 200 in 21ms (compile: 7ms, render: 14ms)
